#-----------------------------------------------------------
# Vivado v2020.2 (64-bit)
# SW Build 3064766 on Wed Nov 18 09:12:45 MST 2020
# IP Build 3064653 on Wed Nov 18 14:17:31 MST 2020
# Start of session at: Sun Sep  5 15:56:56 2021
# Process ID: 3596
# Current directory: C:/Users/vinicius/Documents/Vivado/Tp3-grupo1-20210902T210402Z-001-20210905T185613Z-001/Tp3-grupo1-20210902T210402Z-001/Tp3-grupo1
# Command line: vivado.exe -gui_launcher_event rodinguilauncherevent12976 C:\Users\vinicius\Documents\Vivado\Tp3-grupo1-20210902T210402Z-001-20210905T185613Z-001\Tp3-grupo1-20210902T210402Z-001\Tp3-grupo1\Tp3-grupo1.xpr
# Log file: C:/Users/vinicius/Documents/Vivado/Tp3-grupo1-20210902T210402Z-001-20210905T185613Z-001/Tp3-grupo1-20210902T210402Z-001/Tp3-grupo1/vivado.log
# Journal file: C:/Users/vinicius/Documents/Vivado/Tp3-grupo1-20210902T210402Z-001-20210905T185613Z-001/Tp3-grupo1-20210902T210402Z-001/Tp3-grupo1\vivado.jou
#-----------------------------------------------------------
start_gui
open_project C:/Users/vinicius/Documents/Vivado/Tp3-grupo1-20210902T210402Z-001-20210905T185613Z-001/Tp3-grupo1-20210902T210402Z-001/Tp3-grupo1/Tp3-grupo1.xpr
INFO: [ProjectBase 1-489] The host OS only allows 260 characters in a normal path. The project is stored in a path with more than 80 characters. If you experience issues with IP, Block Designs, or files not being found, please consider moving the project to a location with a shorter path. Alternately consider using the OS subst command to map part of the path to a drive letter.
Current project path is 'C:/Users/vinicius/Documents/Vivado/Tp3-grupo1-20210902T210402Z-001-20210905T185613Z-001/Tp3-grupo1-20210902T210402Z-001/Tp3-grupo1'
INFO: [Project 1-313] Project file moved from 'C:/Users/vinicius/Documents/Vivado/Tp3-grupo1-20210902T210402Z-001/Tp3-grupo1' since last save.
WARNING: [filemgmt 56-2] Default IP Output Path : Could not find the directory 'C:/Users/vinicius/Documents/Vivado/Tp3-grupo1-20210902T210402Z-001-20210905T185613Z-001/Tp3-grupo1-20210902T210402Z-001/Tp3-grupo1/Tp3-grupo1.gen/sources_1', nor could it be found using path 'C:/Users/vinicius/Documents/Vivado/Tp3-grupo1-20210902T210402Z-001/Tp3-grupo1/Tp3-grupo1.gen/sources_1'.
Scanning sources...
Finished scanning sources
INFO: [IP_Flow 19-234] Refreshing IP repositories
INFO: [IP_Flow 19-1704] No user IP repositories specified
INFO: [IP_Flow 19-2313] Loaded Vivado IP repository 'D:/Vivado/2020.2/data/ip'.
open_project: Time (s): cpu = 00:00:10 ; elapsed = 00:00:11 . Memory (MB): peak = 1018.430 ; gain = 0.000
update_compile_order -fileset sources_1
exit
INFO: [Common 17-206] Exiting Vivado at Sun Sep  5 15:57:38 2021...
